Tue, 10 Apr 2018 15:34:39 changshengjianyishu.py[line:14] INFO 长生项目建议书测试开始
Tue, 10 Apr 2018 15:35:08 changshengjianyishu.py[line:14] INFO 长生项目建议书测试开始
Tue, 10 Apr 2018 15:36:13 changshengjianyishu.py[line:14] INFO 长生项目建议书测试开始
Wed, 11 Apr 2018 10:48:16 test_changshengjianyishu.py[line:14] INFO 长生项目建议书测试开始
Wed, 11 Apr 2018 10:48:16 test_changshengjianyishu.py[line:16] INFO 开始初始化浏览器.....
Wed, 11 Apr 2018 10:48:31 test_changshengjianyishu.py[line:31] INFO 输入账号密码,开始登录.........................................
Wed, 11 Apr 2018 10:48:37 test_changshengjianyishu.py[line:38] INFO 登录成功!
Wed, 11 Apr 2018 10:48:37 test_changshengjianyishu.py[line:43] INFO 账号:sh0000001,密码:Aa111111
Wed, 11 Apr 2018 10:48:37 test_changshengjianyishu.py[line:44] INFO 登录操作结束..................................................
Wed, 11 Apr 2018 10:48:41 test_changshengjianyishu.py[line:16] INFO 开始初始化浏览器.....
Wed, 11 Apr 2018 10:48:56 test_changshengjianyishu.py[line:31] INFO 输入账号密码,开始登录.........................................
Wed, 11 Apr 2018 10:49:02 test_changshengjianyishu.py[line:38] INFO 登录成功!
Wed, 11 Apr 2018 10:49:02 test_changshengjianyishu.py[line:43] INFO 账号:sh0000001,密码:Aa111111
Wed, 11 Apr 2018 10:49:02 test_changshengjianyishu.py[line:44] INFO 登录操作结束..................................................
Wed, 11 Apr 2018 10:51:19 test_changshengjianyishu.py[line:13] INFO 长生项目建议书测试开始
Wed, 11 Apr 2018 10:51:19 test_changshengjianyishu.py[line:15] INFO 开始初始化浏览器.....
Wed, 11 Apr 2018 10:51:35 test_changshengjianyishu.py[line:30] INFO 输入账号密码,开始登录.........................................
Wed, 11 Apr 2018 10:51:40 test_changshengjianyishu.py[line:36] INFO 登录失败,失败原因None
Wed, 11 Apr 2018 10:51:40 test_changshengjianyishu.py[line:38] INFO 账号:sh0000001,密码:Aa111111
Wed, 11 Apr 2018 10:51:40 test_changshengjianyishu.py[line:39] INFO 登录操作结束..................................................
Wed, 11 Apr 2018 10:51:43 test_changshengjianyishu.py[line:15] INFO 开始初始化浏览器.....
Wed, 11 Apr 2018 10:51:59 test_changshengjianyishu.py[line:30] INFO 输入账号密码,开始登录.........................................
Wed, 11 Apr 2018 10:52:04 test_changshengjianyishu.py[line:36] INFO 登录失败,失败原因None
Wed, 11 Apr 2018 10:52:04 test_changshengjianyishu.py[line:38] INFO 账号:sh0000001,密码:Aa111111
Wed, 11 Apr 2018 10:52:04 test_changshengjianyishu.py[line:39] INFO 登录操作结束..................................................
Wed, 11 Apr 2018 10:53:21 test_changshengjianyishu.py[line:13] INFO 长生项目建议书测试开始
Wed, 11 Apr 2018 10:53:21 test_changshengjianyishu.py[line:15] INFO 开始初始化浏览器.....
Wed, 11 Apr 2018 10:53:37 test_changshengjianyishu.py[line:30] INFO 输入账号密码,开始登录.........................................
Wed, 11 Apr 2018 10:53:42 test_changshengjianyishu.py[line:37] INFO 登录失败,失败原因'你大爷' != '<!DOCTYPE html><html xmlns="http://www.w3[22178 chars]tml>'
Diff is 20655 characters long. Set self.maxDiff to None to see it.
Wed, 11 Apr 2018 10:53:42 test_changshengjianyishu.py[line:39] INFO 账号:sh0000001,密码:Aa111111
Wed, 11 Apr 2018 10:53:42 test_changshengjianyishu.py[line:40] INFO 登录操作结束..................................................
Wed, 11 Apr 2018 10:53:45 test_changshengjianyishu.py[line:15] INFO 开始初始化浏览器.....
Wed, 11 Apr 2018 10:54:03 test_changshengjianyishu.py[line:30] INFO 输入账号密码,开始登录.........................................
Wed, 11 Apr 2018 10:54:08 test_changshengjianyishu.py[line:37] INFO 登录失败,失败原因'你大爷' != '<!DOCTYPE html><html xmlns="http://www.w3[22174 chars]tml>'
Diff is 20651 characters long. Set self.maxDiff to None to see it.
Wed, 11 Apr 2018 10:54:08 test_changshengjianyishu.py[line:39] INFO 账号:sh0000001,密码:Aa111111
Wed, 11 Apr 2018 10:54:08 test_changshengjianyishu.py[line:40] INFO 登录操作结束..................................................
Wed, 11 Apr 2018 11:06:10 test_changshengjianyishu.py[line:13] INFO 长生项目建议书测试开始
Wed, 11 Apr 2018 11:06:10 test_changshengjianyishu.py[line:15] INFO 开始初始化浏览器.....
Wed, 11 Apr 2018 11:06:31 test_changshengjianyishu.py[line:30] INFO 输入账号密码,开始登录.........................................
Wed, 11 Apr 2018 11:06:36 test_changshengjianyishu.py[line:36] INFO 登录失败,失败原因'你大爷' != '<!DOCTYPE html><html xmlns="http://www.w3[22178 chars]tml>'
Diff is 20655 characters long. Set self.maxDiff to None to see it.
Wed, 11 Apr 2018 11:06:39 test_changshengjianyishu.py[line:15] INFO 开始初始化浏览器.....
Wed, 11 Apr 2018 11:07:10 test_changshengjianyishu.py[line:30] INFO 输入账号密码,开始登录.........................................
Wed, 11 Apr 2018 11:07:15 test_changshengjianyishu.py[line:36] INFO 登录失败,失败原因'你大爷' != '<!DOCTYPE html><html xmlns="http://www.w3[22178 chars]tml>'
Diff is 20655 characters long. Set self.maxDiff to None to see it.
Wed, 11 Apr 2018 11:19:50 test_changshengjianyishu.py[line:13] INFO 长生项目建议书测试开始
Wed, 11 Apr 2018 11:19:50 test_changshengjianyishu.py[line:15] INFO 开始初始化浏览器.....
Wed, 11 Apr 2018 11:20:12 test_changshengjianyishu.py[line:30] INFO 输入账号密码,开始登录.........................................
Wed, 11 Apr 2018 11:20:17 test_changshengjianyishu.py[line:36] INFO 登录失败,失败原因'长生' != '长生销售支持系统'
- 长生
+ 长生销售支持系统

Wed, 11 Apr 2018 11:20:20 test_changshengjianyishu.py[line:15] INFO 开始初始化浏览器.....
Wed, 11 Apr 2018 11:20:38 test_changshengjianyishu.py[line:30] INFO 输入账号密码,开始登录.........................................
Wed, 11 Apr 2018 11:20:43 test_changshengjianyishu.py[line:36] INFO 登录失败,失败原因'长生' != '长生销售支持系统'
- 长生
+ 长生销售支持系统

Wed, 11 Apr 2018 11:20:46 test_changshengjianyishu.py[line:13] INFO 长生项目建议书测试开始
Wed, 11 Apr 2018 11:20:46 test_changshengjianyishu.py[line:15] INFO 开始初始化浏览器.....
Wed, 11 Apr 2018 11:21:04 test_changshengjianyishu.py[line:30] INFO 输入账号密码,开始登录.........................................
Wed, 11 Apr 2018 11:21:09 test_changshengjianyishu.py[line:34] INFO 登录成功!
Wed, 11 Apr 2018 11:21:09 test_changshengjianyishu.py[line:39] INFO 账号:sh0000001,密码:Aa111111
Wed, 11 Apr 2018 11:21:09 test_changshengjianyishu.py[line:40] INFO 登录操作结束..................................................
Wed, 11 Apr 2018 11:21:12 test_changshengjianyishu.py[line:15] INFO 开始初始化浏览器.....
Wed, 11 Apr 2018 11:21:40 test_changshengjianyishu.py[line:30] INFO 输入账号密码,开始登录.........................................
Wed, 11 Apr 2018 11:21:46 test_changshengjianyishu.py[line:34] INFO 登录成功!
Wed, 11 Apr 2018 11:21:46 test_changshengjianyishu.py[line:39] INFO 账号:sh0000001,密码:Aa111111
Wed, 11 Apr 2018 11:21:46 test_changshengjianyishu.py[line:40] INFO 登录操作结束..................................................
Wed, 11 Apr 2018 11:24:22 test_changshengjianyishu.py[line:13] INFO 长生项目建议书测试开始
Wed, 11 Apr 2018 11:24:22 test_changshengjianyishu.py[line:15] INFO 开始初始化浏览器.....
Wed, 11 Apr 2018 11:24:39 test_changshengjianyishu.py[line:30] INFO 输入账号密码,开始登录.........................................
Wed, 11 Apr 2018 11:24:44 test_changshengjianyishu.py[line:34] INFO 登录成功!
Wed, 11 Apr 2018 11:24:44 test_changshengjianyishu.py[line:39] INFO 账号:sh0000001,密码:Aa111111
Wed, 11 Apr 2018 11:24:44 test_changshengjianyishu.py[line:40] INFO 登录操作结束..................................................
Wed, 11 Apr 2018 11:24:47 test_changshengjianyishu.py[line:15] INFO 开始初始化浏览器.....
Wed, 11 Apr 2018 11:25:04 test_changshengjianyishu.py[line:30] INFO 输入账号密码,开始登录.........................................
Wed, 11 Apr 2018 11:25:09 test_changshengjianyishu.py[line:34] INFO 登录成功!
Wed, 11 Apr 2018 11:25:09 test_changshengjianyishu.py[line:39] INFO 账号:sh0000001,密码:Aa111111
Wed, 11 Apr 2018 11:25:09 test_changshengjianyishu.py[line:40] INFO 登录操作结束..................................................
Wed, 11 Apr 2018 11:26:11 test_changshengjianyishu.py[line:13] INFO 长生项目建议书测试开始
Wed, 11 Apr 2018 11:26:11 test_changshengjianyishu.py[line:15] INFO 开始初始化浏览器.....
Wed, 11 Apr 2018 11:26:32 test_changshengjianyishu.py[line:31] INFO 输入账号密码,开始登录.........................................
Wed, 11 Apr 2018 11:26:37 test_changshengjianyishu.py[line:35] INFO 登录成功!
Wed, 11 Apr 2018 11:26:37 test_changshengjianyishu.py[line:42] INFO 登录操作结束..................................................
Wed, 11 Apr 2018 11:26:41 test_changshengjianyishu.py[line:15] INFO 开始初始化浏览器.....
Wed, 11 Apr 2018 11:27:02 test_changshengjianyishu.py[line:31] INFO 输入账号密码,开始登录.........................................
Wed, 11 Apr 2018 11:27:07 test_changshengjianyishu.py[line:35] INFO 登录成功!
Wed, 11 Apr 2018 11:27:07 test_changshengjianyishu.py[line:42] INFO 登录操作结束..................................................
Wed, 11 Apr 2018 11:28:35 test_changshengjianyishu.py[line:13] INFO 长生项目建议书测试开始
Wed, 11 Apr 2018 11:28:35 test_changshengjianyishu.py[line:15] INFO 开始初始化浏览器.....
Wed, 11 Apr 2018 11:28:58 test_changshengjianyishu.py[line:31] INFO 输入账号密码,开始登录.........................................
Wed, 11 Apr 2018 11:29:03 test_changshengjianyishu.py[line:37] INFO 登录失败,失败原因'长生' != '长生销售支持系统'
- 长生
+ 长生销售支持系统

Wed, 11 Apr 2018 11:29:06 test_changshengjianyishu.py[line:15] INFO 开始初始化浏览器.....
Wed, 11 Apr 2018 11:29:33 test_changshengjianyishu.py[line:31] INFO 输入账号密码,开始登录.........................................
Wed, 11 Apr 2018 11:29:38 test_changshengjianyishu.py[line:37] INFO 登录失败,失败原因'长生' != '长生销售支持系统'
- 长生
+ 长生销售支持系统

Wed, 11 Apr 2018 11:35:19 test_changshengjianyishu.py[line:13] INFO 长生项目建议书测试开始
Wed, 11 Apr 2018 11:35:19 test_changshengjianyishu.py[line:15] INFO 开始初始化浏览器.....
Wed, 11 Apr 2018 11:35:52 test_changshengjianyishu.py[line:31] INFO 输入账号密码,开始登录.........................................
Wed, 11 Apr 2018 11:36:01 test_changshengjianyishu.py[line:15] INFO 开始初始化浏览器.....
Wed, 11 Apr 2018 11:36:26 test_changshengjianyishu.py[line:31] INFO 输入账号密码,开始登录.........................................
Wed, 11 Apr 2018 11:44:41 test_changshengjianyishu.py[line:13] INFO 长生项目建议书测试开始
Wed, 11 Apr 2018 11:44:41 test_changshengjianyishu.py[line:15] INFO 开始初始化浏览器.....
Wed, 11 Apr 2018 11:45:12 test_changshengjianyishu.py[line:31] INFO 输入账号密码,开始登录.........................................
Wed, 11 Apr 2018 11:45:54 test_changshengjianyishu.py[line:13] INFO 长生项目建议书测试开始
Wed, 11 Apr 2018 11:45:54 test_changshengjianyishu.py[line:15] INFO 开始初始化浏览器.....
Wed, 11 Apr 2018 11:46:12 test_changshengjianyishu.py[line:30] INFO 输入账号密码,开始登录.........................................
Wed, 11 Apr 2018 14:34:02 test_changshengjianyishu.py[line:13] INFO 长生项目建议书测试开始
Wed, 11 Apr 2018 14:34:02 test_changshengjianyishu.py[line:15] INFO 开始初始化浏览器.....
Wed, 11 Apr 2018 14:34:18 test_changshengjianyishu.py[line:31] INFO 输入账号密码,开始登录.........................................
Wed, 11 Apr 2018 14:34:24 test_changshengjianyishu.py[line:37] INFO 登录失败,失败原因'长生' != '长生销售支持系统'
- 长生
+ 长生销售支持系统

Wed, 11 Apr 2018 14:34:27 test_changshengjianyishu.py[line:15] INFO 开始初始化浏览器.....
Wed, 11 Apr 2018 14:34:43 test_changshengjianyishu.py[line:31] INFO 输入账号密码,开始登录.........................................
Wed, 11 Apr 2018 14:34:49 test_changshengjianyishu.py[line:37] INFO 登录失败,失败原因'长生' != '长生销售支持系统'
- 长生
+ 长生销售支持系统

Wed, 11 Apr 2018 14:51:36 test_changshengjianyishu.py[line:13] INFO 长生项目建议书测试开始
Wed, 11 Apr 2018 14:51:36 test_changshengjianyishu.py[line:15] INFO 开始初始化浏览器.....
Wed, 11 Apr 2018 14:51:54 test_changshengjianyishu.py[line:30] INFO 输入账号密码,开始登录.........................................
Wed, 11 Apr 2018 14:53:55 test_changshengjianyishu.py[line:13] INFO 长生项目建议书测试开始
Wed, 11 Apr 2018 14:53:55 test_changshengjianyishu.py[line:15] INFO 开始初始化浏览器.....
Wed, 11 Apr 2018 14:54:11 test_changshengjianyishu.py[line:30] INFO 输入账号密码,开始登录.........................................
Wed, 11 Apr 2018 14:57:12 test_changshengjianyishu.py[line:13] INFO 长生项目建议书测试开始
Wed, 11 Apr 2018 14:57:12 test_changshengjianyishu.py[line:15] INFO 开始初始化浏览器.....
Wed, 11 Apr 2018 14:57:29 test_changshengjianyishu.py[line:30] INFO 输入账号密码,开始登录.........................................
Wed, 11 Apr 2018 15:02:27 test_changshengjianyishu.py[line:12] INFO 长生项目建议书测试开始
Wed, 11 Apr 2018 15:02:27 test_changshengjianyishu.py[line:14] INFO 开始初始化浏览器.....
Wed, 11 Apr 2018 15:02:46 test_changshengjianyishu.py[line:29] INFO 输入账号密码,开始登录.........................................
Wed, 11 Apr 2018 15:03:16 test_changshengjianyishu.py[line:12] INFO 长生项目建议书测试开始
Wed, 11 Apr 2018 15:03:16 test_changshengjianyishu.py[line:14] INFO 开始初始化浏览器.....
Wed, 11 Apr 2018 15:03:34 test_changshengjianyishu.py[line:29] INFO 输入账号密码,开始登录.........................................
Wed, 11 Apr 2018 15:03:40 test_changshengjianyishu.py[line:14] INFO 开始初始化浏览器.....
Wed, 11 Apr 2018 15:04:06 test_changshengjianyishu.py[line:29] INFO 输入账号密码,开始登录.........................................
Wed, 11 Apr 2018 15:08:02 test_changshengjianyishu.py[line:12] INFO 长生项目建议书测试开始
Wed, 11 Apr 2018 15:08:02 test_changshengjianyishu.py[line:14] INFO 开始初始化浏览器.....
Wed, 11 Apr 2018 15:10:12 test_changshengjianyishu.py[line:12] INFO 长生项目建议书测试开始
Wed, 11 Apr 2018 15:10:12 test_changshengjianyishu.py[line:14] INFO 开始初始化浏览器.....
Wed, 11 Apr 2018 15:14:42 test_changshengjianyishu.py[line:29] INFO 输入账号密码,开始登录.........................................
Wed, 11 Apr 2018 15:15:01 test_changshengjianyishu.py[line:12] INFO 长生项目建议书测试开始
Wed, 11 Apr 2018 15:15:01 test_changshengjianyishu.py[line:14] INFO 开始初始化浏览器.....
Wed, 11 Apr 2018 15:15:17 test_changshengjianyishu.py[line:29] INFO 输入账号密码,开始登录.........................................
Wed, 11 Apr 2018 15:15:23 test_changshengjianyishu.py[line:14] INFO 开始初始化浏览器.....
Wed, 11 Apr 2018 15:15:40 test_changshengjianyishu.py[line:29] INFO 输入账号密码,开始登录.........................................
Wed, 11 Apr 2018 15:19:57 test_changshengjianyishu.py[line:12] INFO 长生项目建议书测试开始
Wed, 11 Apr 2018 15:19:57 test_changshengjianyishu.py[line:15] INFO 开始初始化浏览器.....
Wed, 11 Apr 2018 15:21:53 test_changshengjianyishu.py[line:12] INFO 长生项目建议书测试开始
Wed, 11 Apr 2018 15:21:53 test_changshengjianyishu.py[line:15] INFO 开始初始化浏览器.....
Wed, 11 Apr 2018 15:23:12 test_changshengjianyishu.py[line:30] INFO 输入账号密码,开始登录.........................................
Wed, 11 Apr 2018 15:23:13 test_changshengjianyishu.py[line:12] INFO 长生项目建议书测试开始
Wed, 11 Apr 2018 15:23:13 test_changshengjianyishu.py[line:15] INFO 开始初始化浏览器.....
Wed, 11 Apr 2018 15:23:45 test_changshengjianyishu.py[line:30] INFO 输入账号密码,开始登录.........................................
Wed, 11 Apr 2018 15:24:27 test_changshengjianyishu.py[line:12] INFO 长生项目建议书测试开始
Wed, 11 Apr 2018 15:24:27 test_changshengjianyishu.py[line:15] INFO 开始初始化浏览器.....
Wed, 11 Apr 2018 15:25:38 test_changshengjianyishu.py[line:12] INFO 长生项目建议书测试开始
Wed, 11 Apr 2018 15:25:38 test_changshengjianyishu.py[line:14] INFO 开始初始化浏览器.....
Wed, 11 Apr 2018 15:50:46 test_changshengjianyishu.py[line:14] INFO 长生项目建议书测试开始
Wed, 11 Apr 2018 15:50:46 test_changshengjianyishu.py[line:16] INFO 开始初始化浏览器.....
Wed, 11 Apr 2018 15:57:04 test_changshengjianyishu.py[line:16] INFO 开始初始化浏览器.....
Wed, 11 Apr 2018 15:57:26 test_changshengjianyishu.py[line:31] INFO 输入账号密码,开始登录.........................................
Wed, 11 Apr 2018 16:16:56 test_changshengjianyishu.py[line:15] INFO 长生项目建议书测试开始
Wed, 11 Apr 2018 16:16:56 test_changshengjianyishu.py[line:17] INFO 开始初始化浏览器.....
Wed, 11 Apr 2018 16:17:12 test_changshengjianyishu.py[line:32] INFO 输入账号密码,开始登录.........................................
Wed, 11 Apr 2018 16:17:18 test_changshengjianyishu.py[line:38] INFO 账号:sh0000001,密码:Aa111111
Wed, 11 Apr 2018 16:17:18 test_changshengjianyishu.py[line:39] INFO 登录操作结束..................................................
Wed, 11 Apr 2018 16:17:18 test_changshengjianyishu.py[line:17] INFO 开始初始化浏览器.....
Wed, 11 Apr 2018 16:17:34 test_changshengjianyishu.py[line:32] INFO 输入账号密码,开始登录.........................................
Wed, 11 Apr 2018 16:17:39 test_changshengjianyishu.py[line:38] INFO 账号:sh0000002,密码:Aa111111
Wed, 11 Apr 2018 16:17:39 test_changshengjianyishu.py[line:39] INFO 登录操作结束..................................................
Wed, 11 Apr 2018 16:19:36 test_changshengjianyishu.py[line:15] INFO 长生项目建议书测试开始
Wed, 11 Apr 2018 16:19:36 test_changshengjianyishu.py[line:17] INFO 开始初始化浏览器.....
Wed, 11 Apr 2018 16:19:54 test_changshengjianyishu.py[line:32] INFO 输入账号密码,开始登录.........................................
Wed, 11 Apr 2018 16:19:59 test_changshengjianyishu.py[line:38] INFO 账号:sh0000001,密码:Aa111111
Wed, 11 Apr 2018 16:19:59 test_changshengjianyishu.py[line:39] INFO 登录操作结束..................................................
Wed, 11 Apr 2018 16:19:59 test_changshengjianyishu.py[line:17] INFO 开始初始化浏览器.....
Wed, 11 Apr 2018 16:20:15 test_changshengjianyishu.py[line:32] INFO 输入账号密码,开始登录.........................................
Wed, 11 Apr 2018 16:20:21 test_changshengjianyishu.py[line:38] INFO 账号:sh0000002,密码:Aa111111
Wed, 11 Apr 2018 16:20:21 test_changshengjianyishu.py[line:39] INFO 登录操作结束..................................................
Wed, 11 Apr 2018 16:23:00 test_changshengjianyishu.py[line:15] INFO 长生项目建议书测试开始
Wed, 11 Apr 2018 16:23:00 test_changshengjianyishu.py[line:17] INFO 开始初始化浏览器.....
Wed, 11 Apr 2018 16:23:16 test_changshengjianyishu.py[line:32] INFO 输入账号密码,开始登录.........................................
Wed, 11 Apr 2018 16:23:22 test_changshengjianyishu.py[line:17] INFO 开始初始化浏览器.....
Wed, 11 Apr 2018 16:23:40 test_changshengjianyishu.py[line:32] INFO 输入账号密码,开始登录.........................................
Wed, 11 Apr 2018 16:27:03 test_changshengjianyishu.py[line:15] INFO 长生项目建议书测试开始
Wed, 11 Apr 2018 16:27:03 test_changshengjianyishu.py[line:17] INFO 开始初始化浏览器.....
Wed, 11 Apr 2018 16:27:19 test_changshengjianyishu.py[line:32] INFO 输入账号密码,开始登录.........................................
Wed, 11 Apr 2018 16:27:25 test_changshengjianyishu.py[line:17] INFO 开始初始化浏览器.....
Wed, 11 Apr 2018 16:27:41 test_changshengjianyishu.py[line:32] INFO 输入账号密码,开始登录.........................................
Wed, 11 Apr 2018 16:29:33 test_changshengjianyishu.py[line:15] INFO 长生项目建议书测试开始
Wed, 11 Apr 2018 16:29:33 test_changshengjianyishu.py[line:17] INFO 开始初始化浏览器.....
Wed, 11 Apr 2018 16:29:51 test_changshengjianyishu.py[line:32] INFO 输入账号密码,开始登录.........................................
Wed, 11 Apr 2018 16:29:57 test_changshengjianyishu.py[line:17] INFO 开始初始化浏览器.....
Wed, 11 Apr 2018 16:30:13 test_changshengjianyishu.py[line:32] INFO 输入账号密码,开始登录.........................................
Wed, 11 Apr 2018 16:54:08 test_changshengjianyishu.py[line:13] INFO 长生项目建议书测试开始
Wed, 11 Apr 2018 16:54:08 test_changshengjianyishu.py[line:15] INFO 开始初始化浏览器.....
Wed, 11 Apr 2018 16:54:25 test_changshengjianyishu.py[line:30] INFO 输入账号密码,开始登录.........................................
Wed, 11 Apr 2018 16:54:30 test_changshengjianyishu.py[line:15] INFO 开始初始化浏览器.....
Wed, 11 Apr 2018 16:54:49 test_changshengjianyishu.py[line:30] INFO 输入账号密码,开始登录.........................................
Wed, 11 Apr 2018 17:00:08 test_changshengjianyishu.py[line:12] INFO 长生项目建议书测试开始
Wed, 11 Apr 2018 17:00:08 test_changshengjianyishu.py[line:14] INFO 开始初始化浏览器.....
Wed, 11 Apr 2018 17:00:20 test_changshengjianyishu.py[line:28] INFO 输入账号密码,开始登录.........................................
Wed, 11 Apr 2018 17:00:26 test_changshengjianyishu.py[line:14] INFO 开始初始化浏览器.....
Wed, 11 Apr 2018 17:00:40 test_changshengjianyishu.py[line:28] INFO 输入账号密码,开始登录.........................................
Wed, 11 Apr 2018 17:03:06 test_changshengjianyishu.py[line:10] INFO 长生项目建议书测试开始
Wed, 11 Apr 2018 17:03:06 test_changshengjianyishu.py[line:12] INFO 开始初始化浏览器.....
Wed, 11 Apr 2018 17:03:18 test_changshengjianyishu.py[line:26] INFO 输入账号密码,开始登录.........................................
Wed, 11 Apr 2018 17:03:23 test_changshengjianyishu.py[line:29] INFO 账号:sh0000001,密码:Aa111111
Wed, 11 Apr 2018 17:03:23 test_changshengjianyishu.py[line:30] INFO 登录操作结束..................................................
Wed, 11 Apr 2018 17:03:23 test_changshengjianyishu.py[line:12] INFO 开始初始化浏览器.....
Wed, 11 Apr 2018 17:03:35 test_changshengjianyishu.py[line:26] INFO 输入账号密码,开始登录.........................................
Fri, 13 Apr 2018 11:18:42 test_changshengjianyishu.py[line:13] INFO 长生项目建议书测试开始
Fri, 13 Apr 2018 11:19:02 test_changshengjianyishu.py[line:13] INFO 长生项目建议书测试开始
Fri, 13 Apr 2018 11:19:38 test_changshengjianyishu.py[line:13] INFO 长生项目建议书测试开始
Fri, 13 Apr 2018 11:20:16 test_changshengjianyishu.py[line:13] INFO 长生项目建议书测试开始
Fri, 13 Apr 2018 11:20:51 test_changshengjianyishu.py[line:13] INFO 长生项目建议书测试开始
Fri, 13 Apr 2018 11:22:04 test_changshengjianyishu.py[line:13] INFO 长生项目建议书测试开始
Fri, 13 Apr 2018 11:25:48 test_changshengjianyishu.py[line:13] INFO 长生项目建议书测试开始
Fri, 13 Apr 2018 11:26:42 test_changshengjianyishu.py[line:13] INFO 长生项目建议书测试开始
Fri, 13 Apr 2018 11:29:11 test_changshengjianyishu.py[line:13] INFO 长生项目建议书测试开始
Fri, 13 Apr 2018 11:29:11 test_changshengjianyishu.py[line:15] INFO 开始初始化浏览器.....
Fri, 13 Apr 2018 11:29:22 test_changshengjianyishu.py[line:29] INFO 输入账号密码,开始登录.........................................
Fri, 13 Apr 2018 11:29:28 test_changshengjianyishu.py[line:32] INFO 账号:sh0000001,密码:Aa111111
Fri, 13 Apr 2018 11:29:28 test_changshengjianyishu.py[line:33] INFO 登录操作结束..................................................
Fri, 13 Apr 2018 11:29:28 test_changshengjianyishu.py[line:15] INFO 开始初始化浏览器.....
Fri, 13 Apr 2018 11:29:41 test_changshengjianyishu.py[line:29] INFO 输入账号密码,开始登录.........................................
Fri, 13 Apr 2018 11:46:37 test_changshengjianyishu.py[line:13] INFO 长生项目建议书测试开始
Fri, 13 Apr 2018 11:46:37 test_changshengjianyishu.py[line:15] INFO 开始初始化浏览器.....
Fri, 13 Apr 2018 11:46:49 test_changshengjianyishu.py[line:29] INFO 输入账号密码,开始登录.........................................
Fri, 13 Apr 2018 11:46:54 test_changshengjianyishu.py[line:32] INFO 账号:sh0000001,密码:Aa111111
Fri, 13 Apr 2018 11:46:54 test_changshengjianyishu.py[line:33] INFO 登录操作结束..................................................
Fri, 13 Apr 2018 11:46:54 test_changshengjianyishu.py[line:15] INFO 开始初始化浏览器.....
Fri, 13 Apr 2018 11:47:05 test_changshengjianyishu.py[line:29] INFO 输入账号密码,开始登录.........................................
Fri, 13 Apr 2018 14:34:17 test_changshengjianyishu.py[line:13] INFO 长生项目建议书测试开始
Fri, 13 Apr 2018 14:34:17 test_changshengjianyishu.py[line:15] INFO 开始初始化浏览器.....
Fri, 13 Apr 2018 14:34:21 remote_connection.py[line:480] DEBUG POST http://127.0.0.1:59351/session {"capabilities": {"firstMatch": [{}], "alwaysMatch": {"browserName": "chrome", "platformName": "any", "goog:chromeOptions": {"extensions": [], "args": ["disable-infobars"]}}}, "desiredCapabilities": {"browserName": "chrome", "version": "", "platform": "ANY", "goog:chromeOptions": {"extensions": [], "args": ["disable-infobars"]}}}
Fri, 13 Apr 2018 14:34:23 remote_connection.py[line:567] DEBUG Finished Request
Fri, 13 Apr 2018 14:34:23 remote_connection.py[line:480] DEBUG POST http://127.0.0.1:59351/session/08a385694302ecb9cf503fdc8ea6fe3a/timeouts/implicit_wait {"ms": 20000.0, "sessionId": "08a385694302ecb9cf503fdc8ea6fe3a"}
Fri, 13 Apr 2018 14:34:23 remote_connection.py[line:567] DEBUG Finished Request
Fri, 13 Apr 2018 14:34:23 remote_connection.py[line:480] DEBUG POST http://127.0.0.1:59351/session/08a385694302ecb9cf503fdc8ea6fe3a/url {"url": "http://tstmobile.gwcslife.com/NGLife/", "sessionId": "08a385694302ecb9cf503fdc8ea6fe3a"}
Fri, 13 Apr 2018 14:34:30 remote_connection.py[line:567] DEBUG Finished Request
Fri, 13 Apr 2018 14:34:30 remote_connection.py[line:480] DEBUG POST http://127.0.0.1:59351/session/08a385694302ecb9cf503fdc8ea6fe3a/window/current/maximize {"windowHandle": "current", "sessionId": "08a385694302ecb9cf503fdc8ea6fe3a"}
Fri, 13 Apr 2018 14:34:31 remote_connection.py[line:567] DEBUG Finished Request
Fri, 13 Apr 2018 14:34:31 test_changshengjianyishu.py[line:29] INFO 输入账号密码,开始登录.........................................
Fri, 13 Apr 2018 14:34:31 remote_connection.py[line:480] DEBUG POST http://127.0.0.1:59351/session/08a385694302ecb9cf503fdc8ea6fe3a/element {"using": "xpath", "value": "//input[@id='userCode']", "sessionId": "08a385694302ecb9cf503fdc8ea6fe3a"}
Fri, 13 Apr 2018 14:34:31 remote_connection.py[line:567] DEBUG Finished Request
Fri, 13 Apr 2018 14:34:31 remote_connection.py[line:480] DEBUG POST http://127.0.0.1:59351/session/08a385694302ecb9cf503fdc8ea6fe3a/element/0.17541645527399963-1/value {"text": "sh0000001", "value": ["s", "h", "0", "0", "0", "0", "0", "0", "1"], "id": "0.17541645527399963-1", "sessionId": "08a385694302ecb9cf503fdc8ea6fe3a"}
Fri, 13 Apr 2018 14:34:31 remote_connection.py[line:567] DEBUG Finished Request
Fri, 13 Apr 2018 14:34:31 remote_connection.py[line:480] DEBUG POST http://127.0.0.1:59351/session/08a385694302ecb9cf503fdc8ea6fe3a/element {"using": "xpath", "value": "//input[@id='password']", "sessionId": "08a385694302ecb9cf503fdc8ea6fe3a"}
Fri, 13 Apr 2018 14:34:31 remote_connection.py[line:567] DEBUG Finished Request
Fri, 13 Apr 2018 14:34:31 remote_connection.py[line:480] DEBUG POST http://127.0.0.1:59351/session/08a385694302ecb9cf503fdc8ea6fe3a/element/0.17541645527399963-2/value {"text": "Aa111111", "value": ["A", "a", "1", "1", "1", "1", "1", "1"], "id": "0.17541645527399963-2", "sessionId": "08a385694302ecb9cf503fdc8ea6fe3a"}
Fri, 13 Apr 2018 14:34:31 remote_connection.py[line:567] DEBUG Finished Request
Fri, 13 Apr 2018 14:34:31 remote_connection.py[line:480] DEBUG POST http://127.0.0.1:59351/session/08a385694302ecb9cf503fdc8ea6fe3a/element {"using": "id", "value": "loginbtn", "sessionId": "08a385694302ecb9cf503fdc8ea6fe3a"}
Fri, 13 Apr 2018 14:34:31 remote_connection.py[line:567] DEBUG Finished Request
Fri, 13 Apr 2018 14:34:31 remote_connection.py[line:480] DEBUG POST http://127.0.0.1:59351/session/08a385694302ecb9cf503fdc8ea6fe3a/element/0.17541645527399963-3/click {"id": "0.17541645527399963-3", "sessionId": "08a385694302ecb9cf503fdc8ea6fe3a"}
Fri, 13 Apr 2018 14:34:31 remote_connection.py[line:567] DEBUG Finished Request
Fri, 13 Apr 2018 14:34:36 remote_connection.py[line:480] DEBUG GET http://127.0.0.1:59351/session/08a385694302ecb9cf503fdc8ea6fe3a/title {"sessionId": "08a385694302ecb9cf503fdc8ea6fe3a"}
Fri, 13 Apr 2018 14:34:36 remote_connection.py[line:567] DEBUG Finished Request
Fri, 13 Apr 2018 14:34:36 test_changshengjianyishu.py[line:32] INFO 账号:sh0000001,密码:Aa111111
Fri, 13 Apr 2018 14:34:36 test_changshengjianyishu.py[line:33] INFO 登录操作结束..................................................
Fri, 13 Apr 2018 14:34:36 test_changshengjianyishu.py[line:15] INFO 开始初始化浏览器.....
Fri, 13 Apr 2018 14:34:39 remote_connection.py[line:480] DEBUG POST http://127.0.0.1:59382/session {"capabilities": {"firstMatch": [{}], "alwaysMatch": {"browserName": "chrome", "platformName": "any", "goog:chromeOptions": {"extensions": [], "args": ["disable-infobars"]}}}, "desiredCapabilities": {"browserName": "chrome", "version": "", "platform": "ANY", "goog:chromeOptions": {"extensions": [], "args": ["disable-infobars"]}}}
Fri, 13 Apr 2018 14:34:41 remote_connection.py[line:567] DEBUG Finished Request
Fri, 13 Apr 2018 14:34:41 remote_connection.py[line:480] DEBUG POST http://127.0.0.1:59382/session/5abda68564cd334729d8e38a953ca63d/timeouts/implicit_wait {"ms": 20000.0, "sessionId": "5abda68564cd334729d8e38a953ca63d"}
Fri, 13 Apr 2018 14:34:41 remote_connection.py[line:567] DEBUG Finished Request
Fri, 13 Apr 2018 14:34:41 remote_connection.py[line:480] DEBUG POST http://127.0.0.1:59382/session/5abda68564cd334729d8e38a953ca63d/url {"url": "http://tstmobile.gwcslife.com/NGLife/", "sessionId": "5abda68564cd334729d8e38a953ca63d"}
Fri, 13 Apr 2018 14:34:46 remote_connection.py[line:567] DEBUG Finished Request
Fri, 13 Apr 2018 14:34:46 remote_connection.py[line:480] DEBUG POST http://127.0.0.1:59382/session/5abda68564cd334729d8e38a953ca63d/window/current/maximize {"windowHandle": "current", "sessionId": "5abda68564cd334729d8e38a953ca63d"}
Fri, 13 Apr 2018 14:34:47 remote_connection.py[line:567] DEBUG Finished Request
Fri, 13 Apr 2018 14:34:47 test_changshengjianyishu.py[line:29] INFO 输入账号密码,开始登录.........................................
Fri, 13 Apr 2018 14:34:47 remote_connection.py[line:480] DEBUG POST http://127.0.0.1:59382/session/5abda68564cd334729d8e38a953ca63d/element {"using": "xpath", "value": "//input[@id='userCode']", "sessionId": "5abda68564cd334729d8e38a953ca63d"}
Fri, 13 Apr 2018 14:34:47 remote_connection.py[line:567] DEBUG Finished Request
Fri, 13 Apr 2018 14:34:47 remote_connection.py[line:480] DEBUG POST http://127.0.0.1:59382/session/5abda68564cd334729d8e38a953ca63d/element/0.4055131324528849-1/value {"text": "sh0000002", "value": ["s", "h", "0", "0", "0", "0", "0", "0", "2"], "id": "0.4055131324528849-1", "sessionId": "5abda68564cd334729d8e38a953ca63d"}
Fri, 13 Apr 2018 14:34:47 remote_connection.py[line:567] DEBUG Finished Request
Fri, 13 Apr 2018 14:34:47 remote_connection.py[line:480] DEBUG POST http://127.0.0.1:59382/session/5abda68564cd334729d8e38a953ca63d/element {"using": "xpath", "value": "//input[@id='password']", "sessionId": "5abda68564cd334729d8e38a953ca63d"}
Fri, 13 Apr 2018 14:34:47 remote_connection.py[line:567] DEBUG Finished Request
Fri, 13 Apr 2018 14:34:47 remote_connection.py[line:480] DEBUG POST http://127.0.0.1:59382/session/5abda68564cd334729d8e38a953ca63d/element/0.4055131324528849-2/value {"text": "Aa111111", "value": ["A", "a", "1", "1", "1", "1", "1", "1"], "id": "0.4055131324528849-2", "sessionId": "5abda68564cd334729d8e38a953ca63d"}
Fri, 13 Apr 2018 14:34:47 remote_connection.py[line:567] DEBUG Finished Request
Fri, 13 Apr 2018 14:34:47 remote_connection.py[line:480] DEBUG POST http://127.0.0.1:59382/session/5abda68564cd334729d8e38a953ca63d/element {"using": "id", "value": "loginbtn", "sessionId": "5abda68564cd334729d8e38a953ca63d"}
Fri, 13 Apr 2018 14:34:47 remote_connection.py[line:567] DEBUG Finished Request
Fri, 13 Apr 2018 14:34:47 remote_connection.py[line:480] DEBUG POST http://127.0.0.1:59382/session/5abda68564cd334729d8e38a953ca63d/element/0.4055131324528849-3/click {"id": "0.4055131324528849-3", "sessionId": "5abda68564cd334729d8e38a953ca63d"}
Fri, 13 Apr 2018 14:34:47 remote_connection.py[line:567] DEBUG Finished Request
Fri, 13 Apr 2018 14:34:52 remote_connection.py[line:480] DEBUG GET http://127.0.0.1:59382/session/5abda68564cd334729d8e38a953ca63d/title {"sessionId": "5abda68564cd334729d8e38a953ca63d"}
Fri, 13 Apr 2018 14:34:52 remote_connection.py[line:567] DEBUG Finished Request
Fri, 13 Apr 2018 14:34:52 remote_connection.py[line:480] DEBUG GET http://127.0.0.1:59382/session/5abda68564cd334729d8e38a953ca63d/screenshot {"sessionId": "5abda68564cd334729d8e38a953ca63d"}
Fri, 13 Apr 2018 14:34:53 remote_connection.py[line:567] DEBUG Finished Request
Fri, 13 Apr 2018 14:34:53 email.py[line:41] INFO attach file D:\toors\xiangmu_chonggou\report\__init__.py
Fri, 13 Apr 2018 14:35:10 email.py[line:75] INFO 发送邮件"百度搜索测试报告"成功! 收件人：1978529954@qq.com。如果没有收到邮件，请检查垃圾箱，同时检查收件人地址是否正确
Fri, 13 Apr 2018 14:44:01 test_changshengjianyishu.py[line:13] INFO 长生项目建议书测试开始
Fri, 13 Apr 2018 14:44:01 test_changshengjianyishu.py[line:15] INFO 开始初始化浏览器.....
Fri, 13 Apr 2018 14:44:04 remote_connection.py[line:480] DEBUG POST http://127.0.0.1:59735/session {"capabilities": {"firstMatch": [{}], "alwaysMatch": {"browserName": "chrome", "platformName": "any", "goog:chromeOptions": {"extensions": [], "args": ["disable-infobars"]}}}, "desiredCapabilities": {"browserName": "chrome", "version": "", "platform": "ANY", "goog:chromeOptions": {"extensions": [], "args": ["disable-infobars"]}}}
Fri, 13 Apr 2018 14:44:06 remote_connection.py[line:567] DEBUG Finished Request
Fri, 13 Apr 2018 14:44:06 remote_connection.py[line:480] DEBUG POST http://127.0.0.1:59735/session/3d4589a9a0190fdb958ccd7186d31702/timeouts/implicit_wait {"ms": 20000.0, "sessionId": "3d4589a9a0190fdb958ccd7186d31702"}
Fri, 13 Apr 2018 14:44:06 remote_connection.py[line:567] DEBUG Finished Request
Fri, 13 Apr 2018 14:44:06 remote_connection.py[line:480] DEBUG POST http://127.0.0.1:59735/session/3d4589a9a0190fdb958ccd7186d31702/url {"url": "http://tstmobile.gwcslife.com/NGLife/", "sessionId": "3d4589a9a0190fdb958ccd7186d31702"}
Fri, 13 Apr 2018 14:44:12 remote_connection.py[line:567] DEBUG Finished Request
Fri, 13 Apr 2018 14:44:12 remote_connection.py[line:480] DEBUG POST http://127.0.0.1:59735/session/3d4589a9a0190fdb958ccd7186d31702/window/current/maximize {"windowHandle": "current", "sessionId": "3d4589a9a0190fdb958ccd7186d31702"}
Fri, 13 Apr 2018 14:44:13 remote_connection.py[line:567] DEBUG Finished Request
Fri, 13 Apr 2018 14:44:13 test_changshengjianyishu.py[line:29] INFO 输入账号密码,开始登录.........................................
Fri, 13 Apr 2018 14:44:13 remote_connection.py[line:480] DEBUG POST http://127.0.0.1:59735/session/3d4589a9a0190fdb958ccd7186d31702/element {"using": "xpath", "value": "//input[@id='userCode']", "sessionId": "3d4589a9a0190fdb958ccd7186d31702"}
Fri, 13 Apr 2018 14:44:13 remote_connection.py[line:567] DEBUG Finished Request
Fri, 13 Apr 2018 14:44:13 remote_connection.py[line:480] DEBUG POST http://127.0.0.1:59735/session/3d4589a9a0190fdb958ccd7186d31702/element/0.521240695209144-1/value {"text": "sh0000001", "value": ["s", "h", "0", "0", "0", "0", "0", "0", "1"], "id": "0.521240695209144-1", "sessionId": "3d4589a9a0190fdb958ccd7186d31702"}
Fri, 13 Apr 2018 14:44:13 remote_connection.py[line:567] DEBUG Finished Request
Fri, 13 Apr 2018 14:44:13 remote_connection.py[line:480] DEBUG POST http://127.0.0.1:59735/session/3d4589a9a0190fdb958ccd7186d31702/element {"using": "xpath", "value": "//input[@id='password']", "sessionId": "3d4589a9a0190fdb958ccd7186d31702"}
Fri, 13 Apr 2018 14:44:13 remote_connection.py[line:567] DEBUG Finished Request
Fri, 13 Apr 2018 14:44:13 remote_connection.py[line:480] DEBUG POST http://127.0.0.1:59735/session/3d4589a9a0190fdb958ccd7186d31702/element/0.521240695209144-2/value {"text": "Aa111111", "value": ["A", "a", "1", "1", "1", "1", "1", "1"], "id": "0.521240695209144-2", "sessionId": "3d4589a9a0190fdb958ccd7186d31702"}
Fri, 13 Apr 2018 14:44:13 remote_connection.py[line:567] DEBUG Finished Request
Fri, 13 Apr 2018 14:44:13 remote_connection.py[line:480] DEBUG POST http://127.0.0.1:59735/session/3d4589a9a0190fdb958ccd7186d31702/element {"using": "id", "value": "loginbtn", "sessionId": "3d4589a9a0190fdb958ccd7186d31702"}
Fri, 13 Apr 2018 14:44:13 remote_connection.py[line:567] DEBUG Finished Request
Fri, 13 Apr 2018 14:44:13 remote_connection.py[line:480] DEBUG POST http://127.0.0.1:59735/session/3d4589a9a0190fdb958ccd7186d31702/element/0.521240695209144-3/click {"id": "0.521240695209144-3", "sessionId": "3d4589a9a0190fdb958ccd7186d31702"}
Fri, 13 Apr 2018 14:44:13 remote_connection.py[line:567] DEBUG Finished Request
Fri, 13 Apr 2018 14:44:18 remote_connection.py[line:480] DEBUG GET http://127.0.0.1:59735/session/3d4589a9a0190fdb958ccd7186d31702/title {"sessionId": "3d4589a9a0190fdb958ccd7186d31702"}
Fri, 13 Apr 2018 14:44:18 remote_connection.py[line:567] DEBUG Finished Request
Fri, 13 Apr 2018 14:44:18 test_changshengjianyishu.py[line:32] INFO 账号:sh0000001,密码:Aa111111
Fri, 13 Apr 2018 14:44:18 test_changshengjianyishu.py[line:33] INFO 登录操作结束..................................................
Fri, 13 Apr 2018 14:44:18 test_changshengjianyishu.py[line:15] INFO 开始初始化浏览器.....
Fri, 13 Apr 2018 14:44:21 remote_connection.py[line:480] DEBUG POST http://127.0.0.1:59776/session {"capabilities": {"firstMatch": [{}], "alwaysMatch": {"browserName": "chrome", "platformName": "any", "goog:chromeOptions": {"extensions": [], "args": ["disable-infobars"]}}}, "desiredCapabilities": {"browserName": "chrome", "version": "", "platform": "ANY", "goog:chromeOptions": {"extensions": [], "args": ["disable-infobars"]}}}
Fri, 13 Apr 2018 14:44:23 remote_connection.py[line:567] DEBUG Finished Request
Fri, 13 Apr 2018 14:44:23 remote_connection.py[line:480] DEBUG POST http://127.0.0.1:59776/session/7a2ba327f3fcddac5c2b2a7b945ef216/timeouts/implicit_wait {"ms": 20000.0, "sessionId": "7a2ba327f3fcddac5c2b2a7b945ef216"}
Fri, 13 Apr 2018 14:44:23 remote_connection.py[line:567] DEBUG Finished Request
Fri, 13 Apr 2018 14:44:23 remote_connection.py[line:480] DEBUG POST http://127.0.0.1:59776/session/7a2ba327f3fcddac5c2b2a7b945ef216/url {"url": "http://tstmobile.gwcslife.com/NGLife/", "sessionId": "7a2ba327f3fcddac5c2b2a7b945ef216"}
Fri, 13 Apr 2018 14:44:29 remote_connection.py[line:567] DEBUG Finished Request
Fri, 13 Apr 2018 14:44:29 remote_connection.py[line:480] DEBUG POST http://127.0.0.1:59776/session/7a2ba327f3fcddac5c2b2a7b945ef216/window/current/maximize {"windowHandle": "current", "sessionId": "7a2ba327f3fcddac5c2b2a7b945ef216"}
Fri, 13 Apr 2018 14:44:30 remote_connection.py[line:567] DEBUG Finished Request
Fri, 13 Apr 2018 14:44:30 test_changshengjianyishu.py[line:29] INFO 输入账号密码,开始登录.........................................
Fri, 13 Apr 2018 14:44:30 remote_connection.py[line:480] DEBUG POST http://127.0.0.1:59776/session/7a2ba327f3fcddac5c2b2a7b945ef216/element {"using": "xpath", "value": "//input[@id='userCode']", "sessionId": "7a2ba327f3fcddac5c2b2a7b945ef216"}
Fri, 13 Apr 2018 14:44:30 remote_connection.py[line:567] DEBUG Finished Request
Fri, 13 Apr 2018 14:44:30 remote_connection.py[line:480] DEBUG POST http://127.0.0.1:59776/session/7a2ba327f3fcddac5c2b2a7b945ef216/element/0.8846379723597693-1/value {"text": "sh0000002", "value": ["s", "h", "0", "0", "0", "0", "0", "0", "2"], "id": "0.8846379723597693-1", "sessionId": "7a2ba327f3fcddac5c2b2a7b945ef216"}
Fri, 13 Apr 2018 14:44:30 remote_connection.py[line:567] DEBUG Finished Request
Fri, 13 Apr 2018 14:44:30 remote_connection.py[line:480] DEBUG POST http://127.0.0.1:59776/session/7a2ba327f3fcddac5c2b2a7b945ef216/element {"using": "xpath", "value": "//input[@id='password']", "sessionId": "7a2ba327f3fcddac5c2b2a7b945ef216"}
Fri, 13 Apr 2018 14:44:30 remote_connection.py[line:567] DEBUG Finished Request
Fri, 13 Apr 2018 14:44:30 remote_connection.py[line:480] DEBUG POST http://127.0.0.1:59776/session/7a2ba327f3fcddac5c2b2a7b945ef216/element/0.8846379723597693-2/value {"text": "Aa111111", "value": ["A", "a", "1", "1", "1", "1", "1", "1"], "id": "0.8846379723597693-2", "sessionId": "7a2ba327f3fcddac5c2b2a7b945ef216"}
Fri, 13 Apr 2018 14:44:30 remote_connection.py[line:567] DEBUG Finished Request
Fri, 13 Apr 2018 14:44:30 remote_connection.py[line:480] DEBUG POST http://127.0.0.1:59776/session/7a2ba327f3fcddac5c2b2a7b945ef216/element {"using": "id", "value": "loginbtn", "sessionId": "7a2ba327f3fcddac5c2b2a7b945ef216"}
Fri, 13 Apr 2018 14:44:30 remote_connection.py[line:567] DEBUG Finished Request
Fri, 13 Apr 2018 14:44:30 remote_connection.py[line:480] DEBUG POST http://127.0.0.1:59776/session/7a2ba327f3fcddac5c2b2a7b945ef216/element/0.8846379723597693-3/click {"id": "0.8846379723597693-3", "sessionId": "7a2ba327f3fcddac5c2b2a7b945ef216"}
Fri, 13 Apr 2018 14:44:30 remote_connection.py[line:567] DEBUG Finished Request
Fri, 13 Apr 2018 14:44:35 remote_connection.py[line:480] DEBUG GET http://127.0.0.1:59776/session/7a2ba327f3fcddac5c2b2a7b945ef216/title {"sessionId": "7a2ba327f3fcddac5c2b2a7b945ef216"}
Fri, 13 Apr 2018 14:44:35 remote_connection.py[line:567] DEBUG Finished Request
Fri, 13 Apr 2018 14:44:35 remote_connection.py[line:480] DEBUG GET http://127.0.0.1:59776/session/7a2ba327f3fcddac5c2b2a7b945ef216/screenshot {"sessionId": "7a2ba327f3fcddac5c2b2a7b945ef216"}
Fri, 13 Apr 2018 14:44:36 remote_connection.py[line:567] DEBUG Finished Request
Fri, 13 Apr 2018 14:44:36 email.py[line:39] INFO attach file D:\toors\xiangmu_chonggou\report\20180413_14-44-01_result.html
Fri, 13 Apr 2018 14:44:57 email.py[line:71] INFO 发送邮件"长生测试报告"成功! 收件人：1978529954@qq.com。如果没有收到邮件，请检查垃圾箱，同时检查收件人地址是否正确
