
2018-04-04 11:30:22,161 - logger.py:32  - code=aa ,status=bb ,seqNo=cc;dddddddddd,ll=dd

2018-04-04 11:31:03,296 - logger.py:32  - code=aa ,status=bb ,seqNo=cc;dddddddddd,ll=dd

2018-04-04 11:32:09,658 - logger.py:32  - 1234

2018-04-04 11:35:46,200 - logger.py:35  - 1234

2018-04-04 11:40:15,396 - logger.py:42  - 1234

2018-04-04 11:42:34,097 - logger.py:43  - 1234

2018-04-04 14:30:10,554 - Log.py:18  - this is info!!!!!!!

2018-04-04 14:33:45,694 - Log.py:19  - this is info!!!!!!!

2018-04-04 15:47:04,925 - changshengjianyishu.py:18  - 长生项目建议书测试开始

2018-04-04 15:47:04,926 - changshengjianyishu.py:23  - 开始初始化浏览器.....

2018-04-04 15:47:22,221 - changshengjianyishu.py:38  - 输入账号密码,开始登录.........................................

2018-04-04 15:47:27,573 - changshengjianyishu.py:40  - 账号:sh0000001,密码:Aa111111

2018-04-04 15:47:27,573 - changshengjianyishu.py:41  - 登录操作结束..................................................

2018-04-04 15:47:27,573 - changshengjianyishu.py:42  - 点击建议书操作开始............................................

2018-04-04 15:47:32,701 - changshengjianyishu.py:44  - 点击建议书操作结束............................................

2018-04-04 17:23:19,162 - changshengjianyishu.py:17  - 长生项目建议书测试开始

2018-04-04 17:23:19,163 - changshengjianyishu.py:22  - 开始初始化浏览器.....

2018-04-04 17:23:35,761 - changshengjianyishu.py:37  - 输入账号密码,开始登录.........................................

2018-04-04 17:23:41,107 - changshengjianyishu.py:40  - 账号:sh0000001,密码:Aa111111

2018-04-04 17:23:41,107 - changshengjianyishu.py:41  - 登录操作结束..................................................

2018-04-04 17:23:41,107 - changshengjianyishu.py:42  - 点击建议书操作开始............................................

2018-04-04 17:23:49,278 - changshengjianyishu.py:44  - 点击建议书操作结束............................................

2018-04-04 17:25:50,839 - changshengjianyishu.py:17  - 长生项目建议书测试开始

2018-04-04 17:25:50,840 - changshengjianyishu.py:22  - 开始初始化浏览器.....

2018-04-04 17:26:06,498 - changshengjianyishu.py:37  - 输入账号密码,开始登录.........................................

2018-04-04 17:26:11,855 - changshengjianyishu.py:40  - 账号:sh0000001,密码:Aa111111

2018-04-04 17:26:11,855 - changshengjianyishu.py:41  - 登录操作结束..................................................

2018-04-04 17:26:11,855 - changshengjianyishu.py:42  - 点击建议书操作开始............................................

2018-04-04 17:26:20,036 - changshengjianyishu.py:44  - 点击建议书操作结束............................................

2018-04-10 09:31:17,831 - changshengjianyishu.py:17  - 长生项目建议书测试开始

2018-04-10 09:31:17,831 - changshengjianyishu.py:21  - 开始初始化浏览器.....

2018-04-10 09:31:35,876 - changshengjianyishu.py:36  - 输入账号密码,开始登录.........................................

2018-04-10 09:31:41,346 - changshengjianyishu.py:39  - 账号:sh0000001,密码:Aa111111

2018-04-10 09:31:41,346 - changshengjianyishu.py:40  - 登录操作结束..................................................

2018-04-10 09:31:41,346 - changshengjianyishu.py:41  - 点击建议书操作开始............................................

2018-04-10 09:31:56,106 - changshengjianyishu.py:43  - 点击建议书操作结束............................................

2018-04-10 11:15:31,283 - changshengjianyishu.py:17  - 长生项目建议书测试开始

2018-04-10 11:15:31,285 - changshengjianyishu.py:21  - 开始初始化浏览器.....

2018-04-10 11:15:31,285 - changshengjianyishu.py:30  - 浏览器初始化error:module 'selenium.webdriver' has no attribute 'Chrom'

2018-04-10 11:15:31,286 - changshengjianyishu.py:36  - 输入账号密码,开始登录.........................................

2018-04-10 15:16:46,442 - changshengjianyishu.py:17  - 长生项目建议书测试开始

2018-04-10 15:17:21,258 - changshengjianyishu.py:19  - 开始初始化浏览器.....

2018-04-10 15:32:40,889 - changshengjianyishu.py:14  - 长生项目建议书测试开始

2018-04-10 15:32:40,890 - changshengjianyishu.py:17  - 开始初始化浏览器.....

2018-04-10 15:34:39,521 - changshengjianyishu.py:14  - 长生项目建议书测试开始

2018-04-10 15:35:08,686 - changshengjianyishu.py:14  - 长生项目建议书测试开始

2018-04-10 15:36:13,368 - changshengjianyishu.py:14  - 长生项目建议书测试开始

2018-04-10 17:19:02,272 - changshengjianyishu.py:16  - 长生项目建议书测试开始

2018-04-10 17:19:02,289 - changshengjianyishu.py:19  - 开始初始化浏览器.....

2018-04-10 17:19:22,852 - changshengjianyishu.py:34  - 输入账号密码,开始登录.........................................

2018-04-10 17:19:28,691 - changshengjianyishu.py:38  - 账号:sh0000001,密码:Aa111111

2018-04-10 17:19:28,691 - changshengjianyishu.py:39  - 登录操作结束..................................................

2018-04-10 17:19:28,691 - changshengjianyishu.py:40  - 点击建议书操作开始............................................

2018-04-10 17:20:20,585 - changshengjianyishu.py:16  - 长生项目建议书测试开始

2018-04-10 17:20:20,599 - changshengjianyishu.py:19  - 开始初始化浏览器.....

2018-04-10 17:20:41,978 - changshengjianyishu.py:34  - 输入账号密码,开始登录.........................................

2018-04-10 17:20:47,767 - changshengjianyishu.py:38  - 账号:sh0000001,密码:Aa111111

2018-04-10 17:20:47,767 - changshengjianyishu.py:39  - 登录操作结束..................................................

2018-04-10 17:20:47,767 - changshengjianyishu.py:40  - 点击建议书操作开始............................................

2018-04-10 17:21:28,821 - changshengjianyishu.py:42  - 点击建议书操作结束............................................

2018-04-10 17:21:32,362 - changshengjianyishu.py:19  - 开始初始化浏览器.....

2018-04-10 17:25:48,045 - changshengjianyishu.py:34  - 输入账号密码,开始登录.........................................

2018-04-11 09:08:19,619 - changshengjianyishu.py:16  - 长生项目建议书测试开始

2018-04-11 09:08:19,697 - changshengjianyishu.py:19  - 开始初始化浏览器.....

2018-04-11 09:08:36,037 - changshengjianyishu.py:35  - 输入账号密码,开始登录.........................................

2018-04-11 09:08:41,643 - changshengjianyishu.py:39  - 账号:sh0000001,密码:Aa111111

2018-04-11 09:08:41,643 - changshengjianyishu.py:40  - 登录操作结束..................................................

2018-04-11 09:08:41,643 - changshengjianyishu.py:41  - 点击建议书操作开始............................................

2018-04-11 09:09:22,690 - changshengjianyishu.py:43  - 点击建议书操作结束............................................

2018-04-11 09:09:26,398 - changshengjianyishu.py:19  - 开始初始化浏览器.....

2018-04-11 09:09:42,075 - changshengjianyishu.py:35  - 输入账号密码,开始登录.........................................

2018-04-11 09:09:47,596 - changshengjianyishu.py:39  - 账号:sh0000001,密码:Aa111111

2018-04-11 09:09:47,597 - changshengjianyishu.py:40  - 登录操作结束..................................................

2018-04-11 09:09:47,597 - changshengjianyishu.py:41  - 点击建议书操作开始............................................

2018-04-11 09:10:28,711 - changshengjianyishu.py:43  - 点击建议书操作结束............................................

2018-04-11 09:14:04,342 - changshengjianyishu.py:16  - 长生项目建议书测试开始

2018-04-11 09:14:04,353 - changshengjianyishu.py:19  - 开始初始化浏览器.....

2018-04-11 09:14:19,687 - changshengjianyishu.py:34  - 输入账号密码,开始登录.........................................

2018-04-11 09:14:25,196 - changshengjianyishu.py:41  - 账号:sh0000001,密码:Aa111111

2018-04-11 09:14:25,196 - changshengjianyishu.py:42  - 登录操作结束..................................................

2018-04-11 09:14:25,196 - changshengjianyishu.py:43  - 点击建议书操作开始............................................

2018-04-11 09:15:06,263 - changshengjianyishu.py:45  - 点击建议书操作结束............................................

2018-04-11 09:15:09,671 - changshengjianyishu.py:19  - 开始初始化浏览器.....

2018-04-11 09:15:19,843 - changshengjianyishu.py:16  - 长生项目建议书测试开始

2018-04-11 09:15:19,855 - changshengjianyishu.py:19  - 开始初始化浏览器.....

2018-04-11 09:15:35,252 - changshengjianyishu.py:34  - 输入账号密码,开始登录.........................................

2018-04-11 09:15:40,779 - changshengjianyishu.py:42  - 账号:sh0000001,密码:Aa111111

2018-04-11 09:15:40,779 - changshengjianyishu.py:43  - 登录操作结束..................................................

2018-04-11 09:15:40,780 - changshengjianyishu.py:44  - 点击建议书操作开始............................................

2018-04-11 09:16:21,879 - changshengjianyishu.py:46  - 点击建议书操作结束............................................

2018-04-11 09:16:25,289 - changshengjianyishu.py:19  - 开始初始化浏览器.....

2018-04-11 09:16:41,140 - changshengjianyishu.py:34  - 输入账号密码,开始登录.........................................

2018-04-11 09:19:48,819 - changshengjianyishu.py:16  - 长生项目建议书测试开始

2018-04-11 09:19:48,839 - changshengjianyishu.py:19  - 开始初始化浏览器.....

2018-04-11 09:20:04,255 - changshengjianyishu.py:34  - 输入账号密码,开始登录.........................................

2018-04-11 09:20:09,806 - changshengjianyishu.py:40  - 登录成功!

2018-04-11 09:20:09,806 - changshengjianyishu.py:44  - 账号:sh0000001,密码:Aa111111

2018-04-11 09:20:09,806 - changshengjianyishu.py:45  - 登录操作结束..................................................

2018-04-11 09:20:09,806 - changshengjianyishu.py:46  - 点击建议书操作开始............................................

2018-04-11 09:20:50,876 - changshengjianyishu.py:48  - 点击建议书操作结束............................................

2018-04-11 09:20:54,188 - changshengjianyishu.py:19  - 开始初始化浏览器.....

2018-04-11 09:21:09,510 - changshengjianyishu.py:34  - 输入账号密码,开始登录.........................................

2018-04-11 09:21:15,062 - changshengjianyishu.py:40  - 登录成功!

2018-04-11 09:21:15,063 - changshengjianyishu.py:44  - 账号:sh0000001,密码:Aa111111

2018-04-11 09:21:15,063 - changshengjianyishu.py:45  - 登录操作结束..................................................

2018-04-11 09:21:15,063 - changshengjianyishu.py:46  - 点击建议书操作开始............................................

2018-04-11 09:21:56,152 - changshengjianyishu.py:48  - 点击建议书操作结束............................................

2018-04-11 10:48:16,153 - test_changshengjianyishu.py:14  - 长生项目建议书测试开始

2018-04-11 10:48:16,164 - test_changshengjianyishu.py:16  - 开始初始化浏览器.....

2018-04-11 10:48:31,971 - test_changshengjianyishu.py:31  - 输入账号密码,开始登录.........................................

2018-04-11 10:48:37,700 - test_changshengjianyishu.py:38  - 登录成功!

2018-04-11 10:48:37,700 - test_changshengjianyishu.py:43  - 账号:sh0000001,密码:Aa111111

2018-04-11 10:48:37,701 - test_changshengjianyishu.py:44  - 登录操作结束..................................................

2018-04-11 10:48:41,036 - test_changshengjianyishu.py:16  - 开始初始化浏览器.....

2018-04-11 10:48:56,889 - test_changshengjianyishu.py:31  - 输入账号密码,开始登录.........................................

2018-04-11 10:49:02,619 - test_changshengjianyishu.py:38  - 登录成功!

2018-04-11 10:49:02,619 - test_changshengjianyishu.py:43  - 账号:sh0000001,密码:Aa111111

2018-04-11 10:49:02,619 - test_changshengjianyishu.py:44  - 登录操作结束..................................................

2018-04-11 10:51:19,071 - test_changshengjianyishu.py:13  - 长生项目建议书测试开始

2018-04-11 10:51:19,082 - test_changshengjianyishu.py:15  - 开始初始化浏览器.....

2018-04-11 10:51:35,392 - test_changshengjianyishu.py:30  - 输入账号密码,开始登录.........................................

2018-04-11 10:51:40,668 - test_changshengjianyishu.py:36  - 登录失败,失败原因None

2018-04-11 10:51:40,668 - test_changshengjianyishu.py:38  - 账号:sh0000001,密码:Aa111111

2018-04-11 10:51:40,668 - test_changshengjianyishu.py:39  - 登录操作结束..................................................

2018-04-11 10:51:43,783 - test_changshengjianyishu.py:15  - 开始初始化浏览器.....

2018-04-11 10:51:59,153 - test_changshengjianyishu.py:30  - 输入账号密码,开始登录.........................................

2018-04-11 10:52:04,432 - test_changshengjianyishu.py:36  - 登录失败,失败原因None

2018-04-11 10:52:04,432 - test_changshengjianyishu.py:38  - 账号:sh0000001,密码:Aa111111

2018-04-11 10:52:04,433 - test_changshengjianyishu.py:39  - 登录操作结束..................................................

2018-04-11 10:53:21,141 - test_changshengjianyishu.py:13  - 长生项目建议书测试开始

2018-04-11 10:53:21,152 - test_changshengjianyishu.py:15  - 开始初始化浏览器.....

2018-04-11 10:53:37,550 - test_changshengjianyishu.py:30  - 输入账号密码,开始登录.........................................

2018-04-11 10:53:42,835 - test_changshengjianyishu.py:37  - 登录失败,失败原因'你大爷' != '<!DOCTYPE html><html xmlns="http://www.w3[22178 chars]tml>'
Diff is 20655 characters long. Set self.maxDiff to None to see it.

2018-04-11 10:53:42,835 - test_changshengjianyishu.py:39  - 账号:sh0000001,密码:Aa111111

2018-04-11 10:53:42,835 - test_changshengjianyishu.py:40  - 登录操作结束..................................................

2018-04-11 10:53:45,867 - test_changshengjianyishu.py:15  - 开始初始化浏览器.....

2018-04-11 10:54:03,256 - test_changshengjianyishu.py:30  - 输入账号密码,开始登录.........................................

2018-04-11 10:54:08,537 - test_changshengjianyishu.py:37  - 登录失败,失败原因'你大爷' != '<!DOCTYPE html><html xmlns="http://www.w3[22174 chars]tml>'
Diff is 20651 characters long. Set self.maxDiff to None to see it.

2018-04-11 10:54:08,537 - test_changshengjianyishu.py:39  - 账号:sh0000001,密码:Aa111111

2018-04-11 10:54:08,538 - test_changshengjianyishu.py:40  - 登录操作结束..................................................

2018-04-11 11:06:10,882 - test_changshengjianyishu.py:13  - 长生项目建议书测试开始

2018-04-11 11:06:10,893 - test_changshengjianyishu.py:15  - 开始初始化浏览器.....

2018-04-11 11:06:31,383 - test_changshengjianyishu.py:30  - 输入账号密码,开始登录.........................................

2018-04-11 11:06:36,676 - test_changshengjianyishu.py:36  - 登录失败,失败原因'你大爷' != '<!DOCTYPE html><html xmlns="http://www.w3[22178 chars]tml>'
Diff is 20655 characters long. Set self.maxDiff to None to see it.

2018-04-11 11:06:39,738 - test_changshengjianyishu.py:15  - 开始初始化浏览器.....

2018-04-11 11:07:10,226 - test_changshengjianyishu.py:30  - 输入账号密码,开始登录.........................................

2018-04-11 11:07:15,507 - test_changshengjianyishu.py:36  - 登录失败,失败原因'你大爷' != '<!DOCTYPE html><html xmlns="http://www.w3[22178 chars]tml>'
Diff is 20655 characters long. Set self.maxDiff to None to see it.

2018-04-11 11:19:50,338 - test_changshengjianyishu.py:13  - 长生项目建议书测试开始

2018-04-11 11:19:50,350 - test_changshengjianyishu.py:15  - 开始初始化浏览器.....

2018-04-11 11:20:12,146 - test_changshengjianyishu.py:30  - 输入账号密码,开始登录.........................................

2018-04-11 11:20:17,426 - test_changshengjianyishu.py:36  - 登录失败,失败原因'长生' != '长生销售支持系统'
- 长生
+ 长生销售支持系统


2018-04-11 11:20:20,669 - test_changshengjianyishu.py:15  - 开始初始化浏览器.....

2018-04-11 11:20:38,232 - test_changshengjianyishu.py:30  - 输入账号密码,开始登录.........................................

2018-04-11 11:20:43,571 - test_changshengjianyishu.py:36  - 登录失败,失败原因'长生' != '长生销售支持系统'
- 长生
+ 长生销售支持系统


2018-04-11 11:20:46,717 - test_changshengjianyishu.py:13  - 长生项目建议书测试开始

2018-04-11 11:20:46,729 - test_changshengjianyishu.py:15  - 开始初始化浏览器.....

2018-04-11 11:21:04,381 - test_changshengjianyishu.py:30  - 输入账号密码,开始登录.........................................

2018-04-11 11:21:09,671 - test_changshengjianyishu.py:34  - 登录成功!

2018-04-11 11:21:09,671 - test_changshengjianyishu.py:39  - 账号:sh0000001,密码:Aa111111

2018-04-11 11:21:09,671 - test_changshengjianyishu.py:40  - 登录操作结束..................................................

2018-04-11 11:21:12,743 - test_changshengjianyishu.py:15  - 开始初始化浏览器.....

2018-04-11 11:21:40,935 - test_changshengjianyishu.py:30  - 输入账号密码,开始登录.........................................

2018-04-11 11:21:46,222 - test_changshengjianyishu.py:34  - 登录成功!

2018-04-11 11:21:46,223 - test_changshengjianyishu.py:39  - 账号:sh0000001,密码:Aa111111

2018-04-11 11:21:46,223 - test_changshengjianyishu.py:40  - 登录操作结束..................................................

2018-04-11 11:24:22,425 - test_changshengjianyishu.py:13  - 长生项目建议书测试开始

2018-04-11 11:24:22,436 - test_changshengjianyishu.py:15  - 开始初始化浏览器.....

2018-04-11 11:24:39,054 - test_changshengjianyishu.py:30  - 输入账号密码,开始登录.........................................

2018-04-11 11:24:44,346 - test_changshengjianyishu.py:34  - 登录成功!

2018-04-11 11:24:44,346 - test_changshengjianyishu.py:39  - 账号:sh0000001,密码:Aa111111

2018-04-11 11:24:44,346 - test_changshengjianyishu.py:40  - 登录操作结束..................................................

2018-04-11 11:24:47,460 - test_changshengjianyishu.py:15  - 开始初始化浏览器.....

2018-04-11 11:25:04,109 - test_changshengjianyishu.py:30  - 输入账号密码,开始登录.........................................

2018-04-11 11:25:09,394 - test_changshengjianyishu.py:34  - 登录成功!

2018-04-11 11:25:09,394 - test_changshengjianyishu.py:39  - 账号:sh0000001,密码:Aa111111

2018-04-11 11:25:09,394 - test_changshengjianyishu.py:40  - 登录操作结束..................................................

2018-04-11 11:26:11,614 - test_changshengjianyishu.py:13  - 长生项目建议书测试开始

2018-04-11 11:26:11,626 - test_changshengjianyishu.py:15  - 开始初始化浏览器.....

2018-04-11 11:26:32,605 - test_changshengjianyishu.py:31  - 输入账号密码,开始登录.........................................

2018-04-11 11:26:37,890 - test_changshengjianyishu.py:35  - 登录成功!

2018-04-11 11:26:37,890 - test_changshengjianyishu.py:42  - 登录操作结束..................................................

2018-04-11 11:26:41,083 - test_changshengjianyishu.py:15  - 开始初始化浏览器.....

2018-04-11 11:27:02,451 - test_changshengjianyishu.py:31  - 输入账号密码,开始登录.........................................

2018-04-11 11:27:07,723 - test_changshengjianyishu.py:35  - 登录成功!

2018-04-11 11:27:07,723 - test_changshengjianyishu.py:42  - 登录操作结束..................................................

2018-04-11 11:28:35,230 - test_changshengjianyishu.py:13  - 长生项目建议书测试开始

2018-04-11 11:28:35,242 - test_changshengjianyishu.py:15  - 开始初始化浏览器.....

2018-04-11 11:28:58,317 - test_changshengjianyishu.py:31  - 输入账号密码,开始登录.........................................

2018-04-11 11:29:03,585 - test_changshengjianyishu.py:37  - 登录失败,失败原因'长生' != '长生销售支持系统'
- 长生
+ 长生销售支持系统


2018-04-11 11:29:06,821 - test_changshengjianyishu.py:15  - 开始初始化浏览器.....

2018-04-11 11:29:33,149 - test_changshengjianyishu.py:31  - 输入账号密码,开始登录.........................................

2018-04-11 11:29:38,413 - test_changshengjianyishu.py:37  - 登录失败,失败原因'长生' != '长生销售支持系统'
- 长生
+ 长生销售支持系统


2018-04-11 11:35:19,270 - test_changshengjianyishu.py:13  - 长生项目建议书测试开始

2018-04-11 11:35:19,281 - test_changshengjianyishu.py:15  - 开始初始化浏览器.....

2018-04-11 11:35:52,730 - test_changshengjianyishu.py:31  - 输入账号密码,开始登录.........................................

2018-04-11 11:36:01,215 - test_changshengjianyishu.py:15  - 开始初始化浏览器.....

2018-04-11 11:36:26,472 - test_changshengjianyishu.py:31  - 输入账号密码,开始登录.........................................

2018-04-11 11:39:59,863 - test_changshengjianyishu.py:13  - 长生项目建议书测试开始

2018-04-11 11:39:59,892 - test_changshengjianyishu.py:15  - 开始初始化浏览器.....

2018-04-11 11:40:24,013 - test_changshengjianyishu.py:31  - 输入账号密码,开始登录.........................................

2018-04-11 11:44:41,888 - test_changshengjianyishu.py:13  - 长生项目建议书测试开始

2018-04-11 11:44:41,902 - test_changshengjianyishu.py:15  - 开始初始化浏览器.....

2018-04-11 11:45:12,250 - test_changshengjianyishu.py:31  - 输入账号密码,开始登录.........................................

2018-04-11 11:45:54,260 - test_changshengjianyishu.py:13  - 长生项目建议书测试开始

2018-04-11 11:45:54,273 - test_changshengjianyishu.py:15  - 开始初始化浏览器.....

2018-04-11 11:46:12,383 - test_changshengjianyishu.py:30  - 输入账号密码,开始登录.........................................

2018-04-11 14:30:20,780 - test_changshengjianyishu.py:13  - 长生项目建议书测试开始

2018-04-11 14:30:20,792 - test_changshengjianyishu.py:15  - 开始初始化浏览器.....

2018-04-11 14:30:37,443 - test_changshengjianyishu.py:31  - 输入账号密码,开始登录.........................................

2018-04-11 14:30:42,739 - test_changshengjianyishu.py:37  - 登录失败,失败原因 :: 长生 != 长生销售支持系统

2018-04-11 14:30:46,133 - test_changshengjianyishu.py:15  - 开始初始化浏览器.....

2018-04-11 14:31:01,666 - test_changshengjianyishu.py:31  - 输入账号密码,开始登录.........................................

2018-04-11 14:31:06,941 - test_changshengjianyishu.py:37  - 登录失败,失败原因 :: 长生 != 长生销售支持系统

2018-04-11 14:31:13,389 - test_changshengjianyishu.py:13  - 长生项目建议书测试开始

2018-04-11 14:31:13,405 - test_changshengjianyishu.py:15  - 开始初始化浏览器.....

2018-04-11 14:31:30,490 - test_changshengjianyishu.py:31  - 输入账号密码,开始登录.........................................

2018-04-11 14:31:35,772 - test_changshengjianyishu.py:37  - 登录失败,失败原因 :: 长生 != 长生销售支持系统

2018-04-11 14:31:39,115 - test_changshengjianyishu.py:15  - 开始初始化浏览器.....

2018-04-11 14:31:54,902 - test_changshengjianyishu.py:31  - 输入账号密码,开始登录.........................................

2018-04-11 14:32:00,214 - test_changshengjianyishu.py:37  - 登录失败,失败原因 :: 长生 != 长生销售支持系统

2018-04-11 14:34:02,422 - test_changshengjianyishu.py:13  - 长生项目建议书测试开始

2018-04-11 14:34:02,433 - test_changshengjianyishu.py:15  - 开始初始化浏览器.....

2018-04-11 14:34:18,846 - test_changshengjianyishu.py:31  - 输入账号密码,开始登录.........................................

2018-04-11 14:34:24,114 - test_changshengjianyishu.py:37  - 登录失败,失败原因'长生' != '长生销售支持系统'
- 长生
+ 长生销售支持系统


2018-04-11 14:34:27,372 - test_changshengjianyishu.py:15  - 开始初始化浏览器.....

2018-04-11 14:34:43,743 - test_changshengjianyishu.py:31  - 输入账号密码,开始登录.........................................

2018-04-11 14:34:49,024 - test_changshengjianyishu.py:37  - 登录失败,失败原因'长生' != '长生销售支持系统'
- 长生
+ 长生销售支持系统


2018-04-11 14:51:36,229 - test_changshengjianyishu.py:13  - 长生项目建议书测试开始

2018-04-11 14:51:36,240 - test_changshengjianyishu.py:15  - 开始初始化浏览器.....

2018-04-11 14:51:54,120 - test_changshengjianyishu.py:30  - 输入账号密码,开始登录.........................................

2018-04-11 14:53:55,122 - test_changshengjianyishu.py:13  - 长生项目建议书测试开始

2018-04-11 14:53:55,133 - test_changshengjianyishu.py:15  - 开始初始化浏览器.....

2018-04-11 14:54:11,645 - test_changshengjianyishu.py:30  - 输入账号密码,开始登录.........................................

2018-04-11 14:57:12,741 - test_changshengjianyishu.py:13  - 长生项目建议书测试开始

2018-04-11 14:57:12,753 - test_changshengjianyishu.py:15  - 开始初始化浏览器.....

2018-04-11 14:57:29,329 - test_changshengjianyishu.py:30  - 输入账号密码,开始登录.........................................

2018-04-11 15:02:27,933 - test_changshengjianyishu.py:12  - 长生项目建议书测试开始

2018-04-11 15:02:27,944 - test_changshengjianyishu.py:14  - 开始初始化浏览器.....

2018-04-11 15:02:46,493 - test_changshengjianyishu.py:29  - 输入账号密码,开始登录.........................................

2018-04-11 15:03:16,788 - test_changshengjianyishu.py:12  - 长生项目建议书测试开始

2018-04-11 15:03:16,802 - test_changshengjianyishu.py:14  - 开始初始化浏览器.....

2018-04-11 15:03:34,456 - test_changshengjianyishu.py:29  - 输入账号密码,开始登录.........................................

2018-04-11 15:03:40,352 - test_changshengjianyishu.py:14  - 开始初始化浏览器.....

2018-04-11 15:04:06,656 - test_changshengjianyishu.py:29  - 输入账号密码,开始登录.........................................

2018-04-11 15:08:02,326 - test_changshengjianyishu.py:12  - 长生项目建议书测试开始

2018-04-11 15:08:02,338 - test_changshengjianyishu.py:14  - 开始初始化浏览器.....

2018-04-11 15:10:12,741 - test_changshengjianyishu.py:12  - 长生项目建议书测试开始

2018-04-11 15:10:12,752 - test_changshengjianyishu.py:14  - 开始初始化浏览器.....

2018-04-11 15:14:42,524 - test_changshengjianyishu.py:29  - 输入账号密码,开始登录.........................................

2018-04-11 15:15:01,867 - test_changshengjianyishu.py:12  - 长生项目建议书测试开始

2018-04-11 15:15:01,878 - test_changshengjianyishu.py:14  - 开始初始化浏览器.....

2018-04-11 15:15:17,848 - test_changshengjianyishu.py:29  - 输入账号密码,开始登录.........................................

2018-04-11 15:15:23,638 - test_changshengjianyishu.py:14  - 开始初始化浏览器.....

2018-04-11 15:15:40,266 - test_changshengjianyishu.py:29  - 输入账号密码,开始登录.........................................

2018-04-11 15:19:57,378 - test_changshengjianyishu.py:12  - 长生项目建议书测试开始

2018-04-11 15:19:57,389 - test_changshengjianyishu.py:15  - 开始初始化浏览器.....

2018-04-11 15:21:53,329 - test_changshengjianyishu.py:12  - 长生项目建议书测试开始

2018-04-11 15:21:53,340 - test_changshengjianyishu.py:15  - 开始初始化浏览器.....

2018-04-11 15:23:12,643 - test_changshengjianyishu.py:30  - 输入账号密码,开始登录.........................................

2018-04-11 15:23:13,162 - test_changshengjianyishu.py:12  - 长生项目建议书测试开始

2018-04-11 15:23:13,173 - test_changshengjianyishu.py:15  - 开始初始化浏览器.....

2018-04-11 15:23:45,382 - test_changshengjianyishu.py:30  - 输入账号密码,开始登录.........................................

2018-04-11 15:24:27,054 - test_changshengjianyishu.py:12  - 长生项目建议书测试开始

2018-04-11 15:24:27,065 - test_changshengjianyishu.py:15  - 开始初始化浏览器.....

2018-04-11 15:25:38,218 - test_changshengjianyishu.py:12  - 长生项目建议书测试开始

2018-04-11 15:25:38,229 - test_changshengjianyishu.py:14  - 开始初始化浏览器.....

2018-04-11 15:50:46,244 - test_changshengjianyishu.py:14  - 长生项目建议书测试开始

2018-04-11 15:50:46,256 - test_changshengjianyishu.py:16  - 开始初始化浏览器.....

2018-04-11 15:57:04,854 - test_changshengjianyishu.py:16  - 开始初始化浏览器.....

2018-04-11 15:57:26,616 - test_changshengjianyishu.py:31  - 输入账号密码,开始登录.........................................

2018-04-11 16:16:56,632 - test_changshengjianyishu.py:15  - 长生项目建议书测试开始

2018-04-11 16:16:56,644 - test_changshengjianyishu.py:17  - 开始初始化浏览器.....

2018-04-11 16:17:12,973 - test_changshengjianyishu.py:32  - 输入账号密码,开始登录.........................................

2018-04-11 16:17:18,332 - test_changshengjianyishu.py:38  - 账号:sh0000001,密码:Aa111111

2018-04-11 16:17:18,333 - test_changshengjianyishu.py:39  - 登录操作结束..................................................

2018-04-11 16:17:18,333 - test_changshengjianyishu.py:17  - 开始初始化浏览器.....

2018-04-11 16:17:34,273 - test_changshengjianyishu.py:32  - 输入账号密码,开始登录.........................................

2018-04-11 16:17:39,641 - test_changshengjianyishu.py:38  - 账号:sh0000002,密码:Aa111111

2018-04-11 16:17:39,642 - test_changshengjianyishu.py:39  - 登录操作结束..................................................

2018-04-11 16:19:36,891 - test_changshengjianyishu.py:15  - 长生项目建议书测试开始

2018-04-11 16:19:36,902 - test_changshengjianyishu.py:17  - 开始初始化浏览器.....

2018-04-11 16:19:54,248 - test_changshengjianyishu.py:32  - 输入账号密码,开始登录.........................................

2018-04-11 16:19:59,633 - test_changshengjianyishu.py:38  - 账号:sh0000001,密码:Aa111111

2018-04-11 16:19:59,634 - test_changshengjianyishu.py:39  - 登录操作结束..................................................

2018-04-11 16:19:59,634 - test_changshengjianyishu.py:17  - 开始初始化浏览器.....

2018-04-11 16:20:15,798 - test_changshengjianyishu.py:32  - 输入账号密码,开始登录.........................................

2018-04-11 16:20:21,135 - test_changshengjianyishu.py:38  - 账号:sh0000002,密码:Aa111111

2018-04-11 16:20:21,136 - test_changshengjianyishu.py:39  - 登录操作结束..................................................

2018-04-11 16:23:00,495 - test_changshengjianyishu.py:15  - 长生项目建议书测试开始

2018-04-11 16:23:00,506 - test_changshengjianyishu.py:17  - 开始初始化浏览器.....

2018-04-11 16:23:16,982 - test_changshengjianyishu.py:32  - 输入账号密码,开始登录.........................................

2018-04-11 16:23:22,774 - test_changshengjianyishu.py:17  - 开始初始化浏览器.....

2018-04-11 16:23:40,631 - test_changshengjianyishu.py:32  - 输入账号密码,开始登录.........................................

2018-04-11 16:27:03,210 - test_changshengjianyishu.py:15  - 长生项目建议书测试开始

2018-04-11 16:27:03,221 - test_changshengjianyishu.py:17  - 开始初始化浏览器.....

2018-04-11 16:27:19,399 - test_changshengjianyishu.py:32  - 输入账号密码,开始登录.........................................

2018-04-11 16:27:25,210 - test_changshengjianyishu.py:17  - 开始初始化浏览器.....

2018-04-11 16:27:41,289 - test_changshengjianyishu.py:32  - 输入账号密码,开始登录.........................................

2018-04-11 16:29:33,427 - test_changshengjianyishu.py:15  - 长生项目建议书测试开始

2018-04-11 16:29:33,439 - test_changshengjianyishu.py:17  - 开始初始化浏览器.....

2018-04-11 16:29:51,348 - test_changshengjianyishu.py:32  - 输入账号密码,开始登录.........................................

2018-04-11 16:29:57,215 - test_changshengjianyishu.py:17  - 开始初始化浏览器.....

2018-04-11 16:30:13,485 - test_changshengjianyishu.py:32  - 输入账号密码,开始登录.........................................

2018-04-11 16:54:08,667 - test_changshengjianyishu.py:13  - 长生项目建议书测试开始

2018-04-11 16:54:08,678 - test_changshengjianyishu.py:15  - 开始初始化浏览器.....

2018-04-11 16:54:25,010 - test_changshengjianyishu.py:30  - 输入账号密码,开始登录.........................................

2018-04-11 16:54:30,793 - test_changshengjianyishu.py:15  - 开始初始化浏览器.....

2018-04-11 16:54:49,006 - test_changshengjianyishu.py:30  - 输入账号密码,开始登录.........................................

2018-04-11 17:00:08,752 - test_changshengjianyishu.py:12  - 长生项目建议书测试开始

2018-04-11 17:00:08,765 - test_changshengjianyishu.py:14  - 开始初始化浏览器.....

2018-04-11 17:00:20,953 - test_changshengjianyishu.py:28  - 输入账号密码,开始登录.........................................

2018-04-11 17:00:26,699 - test_changshengjianyishu.py:14  - 开始初始化浏览器.....

2018-04-11 17:00:40,030 - test_changshengjianyishu.py:28  - 输入账号密码,开始登录.........................................

2018-04-11 17:03:06,976 - test_changshengjianyishu.py:10  - 长生项目建议书测试开始

2018-04-11 17:03:06,987 - test_changshengjianyishu.py:12  - 开始初始化浏览器.....

2018-04-11 17:03:18,237 - test_changshengjianyishu.py:26  - 输入账号密码,开始登录.........................................

2018-04-11 17:03:23,567 - test_changshengjianyishu.py:29  - 账号:sh0000001,密码:Aa111111

2018-04-11 17:03:23,567 - test_changshengjianyishu.py:30  - 登录操作结束..................................................

2018-04-11 17:03:23,567 - test_changshengjianyishu.py:12  - 开始初始化浏览器.....

2018-04-11 17:03:35,649 - test_changshengjianyishu.py:26  - 输入账号密码,开始登录.........................................

2018-04-13 11:18:42,182 - test_changshengjianyishu.py:13  - 长生项目建议书测试开始

2018-04-13 11:19:02,812 - test_changshengjianyishu.py:13  - 长生项目建议书测试开始

2018-04-13 11:19:38,290 - test_changshengjianyishu.py:13  - 长生项目建议书测试开始

2018-04-13 11:20:16,536 - test_changshengjianyishu.py:13  - 长生项目建议书测试开始

2018-04-13 11:20:51,533 - test_changshengjianyishu.py:13  - 长生项目建议书测试开始

2018-04-13 11:22:04,188 - test_changshengjianyishu.py:13  - 长生项目建议书测试开始

2018-04-13 11:25:48,888 - test_changshengjianyishu.py:13  - 长生项目建议书测试开始

2018-04-13 11:26:42,497 - test_changshengjianyishu.py:13  - 长生项目建议书测试开始

2018-04-13 11:29:11,127 - test_changshengjianyishu.py:13  - 长生项目建议书测试开始

2018-04-13 11:29:11,137 - test_changshengjianyishu.py:15  - 开始初始化浏览器.....

2018-04-13 11:29:22,667 - test_changshengjianyishu.py:29  - 输入账号密码,开始登录.........................................

2018-04-13 11:29:28,036 - test_changshengjianyishu.py:32  - 账号:sh0000001,密码:Aa111111

2018-04-13 11:29:28,036 - test_changshengjianyishu.py:33  - 登录操作结束..................................................

2018-04-13 11:29:28,037 - test_changshengjianyishu.py:15  - 开始初始化浏览器.....

2018-04-13 11:29:41,114 - test_changshengjianyishu.py:29  - 输入账号密码,开始登录.........................................

2018-04-13 11:46:37,507 - test_changshengjianyishu.py:13  - 长生项目建议书测试开始

2018-04-13 11:46:37,518 - test_changshengjianyishu.py:15  - 开始初始化浏览器.....

2018-04-13 11:46:49,045 - test_changshengjianyishu.py:29  - 输入账号密码,开始登录.........................................

2018-04-13 11:46:54,363 - test_changshengjianyishu.py:32  - 账号:sh0000001,密码:Aa111111

2018-04-13 11:46:54,363 - test_changshengjianyishu.py:33  - 登录操作结束..................................................

2018-04-13 11:46:54,363 - test_changshengjianyishu.py:15  - 开始初始化浏览器.....

2018-04-13 11:47:05,803 - test_changshengjianyishu.py:29  - 输入账号密码,开始登录.........................................

2018-04-13 14:34:17,848 - test_changshengjianyishu.py:13  - 长生项目建议书测试开始

2018-04-13 14:34:17,859 - test_changshengjianyishu.py:15  - 开始初始化浏览器.....

2018-04-13 14:34:31,331 - test_changshengjianyishu.py:29  - 输入账号密码,开始登录.........................................

2018-04-13 14:34:36,685 - test_changshengjianyishu.py:32  - 账号:sh0000001,密码:Aa111111

2018-04-13 14:34:36,685 - test_changshengjianyishu.py:33  - 登录操作结束..................................................

2018-04-13 14:34:36,686 - test_changshengjianyishu.py:15  - 开始初始化浏览器.....

2018-04-13 14:34:47,547 - test_changshengjianyishu.py:29  - 输入账号密码,开始登录.........................................

2018-04-13 14:34:53,669 - email.py:41  - attach file D:\toors\xiangmu_chonggou\report\__init__.py

2018-04-13 14:35:10,500 - email.py:75  - 发送邮件"百度搜索测试报告"成功! 收件人：1978529954@qq.com。如果没有收到邮件，请检查垃圾箱，同时检查收件人地址是否正确

2018-04-13 14:44:01,476 - test_changshengjianyishu.py:13  - 长生项目建议书测试开始

2018-04-13 14:44:01,488 - test_changshengjianyishu.py:15  - 开始初始化浏览器.....

2018-04-13 14:44:13,374 - test_changshengjianyishu.py:29  - 输入账号密码,开始登录.........................................

2018-04-13 14:44:18,705 - test_changshengjianyishu.py:32  - 账号:sh0000001,密码:Aa111111

2018-04-13 14:44:18,705 - test_changshengjianyishu.py:33  - 登录操作结束..................................................

2018-04-13 14:44:18,705 - test_changshengjianyishu.py:15  - 开始初始化浏览器.....

2018-04-13 14:44:30,642 - test_changshengjianyishu.py:29  - 输入账号密码,开始登录.........................................

2018-04-13 14:44:36,858 - email.py:39  - attach file D:\toors\xiangmu_chonggou\report\20180413_14-44-01_result.html

2018-04-13 14:44:57,564 - email.py:71  - 发送邮件"长生测试报告"成功! 收件人：1978529954@qq.com。如果没有收到邮件，请检查垃圾箱，同时检查收件人地址是否正确

2018-05-08 10:59:28,592 - test_changshengjianyishu.py:9  - 长生项目建议书测试开始

2018-05-08 10:59:28,606 - test_changshengjianyishu.py:11  - 开始初始化浏览器.....

2018-05-08 10:59:38,750 - test_changshengjianyishu.py:25  - 输入账号密码,开始登录.........................................

2018-05-08 10:59:44,211 - test_changshengjianyishu.py:28  - 账号:sh0000001,密码:Aa111111

2018-05-08 10:59:44,212 - test_changshengjianyishu.py:29  - 登录操作结束..................................................

2018-05-08 10:59:44,214 - test_changshengjianyishu.py:11  - 开始初始化浏览器.....

2018-05-08 10:59:54,262 - test_changshengjianyishu.py:25  - 输入账号密码,开始登录.........................................

2018-05-08 11:01:17,312 - test_changshengjianyishu.py:9  - 长生项目建议书测试开始

2018-05-08 11:01:17,323 - test_changshengjianyishu.py:11  - 开始初始化浏览器.....

2018-05-08 11:01:28,669 - test_changshengjianyishu.py:25  - 输入账号密码,开始登录.........................................

2018-05-08 11:01:33,924 - test_changshengjianyishu.py:28  - 账号:sh0000001,密码:Aa111111

2018-05-08 11:01:33,924 - test_changshengjianyishu.py:29  - 登录操作结束..................................................

2018-05-08 11:01:33,925 - test_changshengjianyishu.py:11  - 开始初始化浏览器.....

2018-05-08 11:01:47,650 - test_changshengjianyishu.py:25  - 输入账号密码,开始登录.........................................
